<?xml version="1.0" encoding="UTF-8"?>
<!-- Generated by org.testng.reporters.JUnitReportReporter -->
<testsuite hostname="DESKTOP-DKM98KI" failures="0" tests="4" name="TestNGScripts.ExampleForpriarity" time="0.020" errors="0" timestamp="2022-05-12T16:28:44 IST" skipped="0">
  <testcase classname="TestNGScripts.ExampleForpriarity" name="a" time="0.013"/>
  <system-out/>
  <testcase classname="TestNGScripts.ExampleForpriarity" name="B" time="0.002"/>
  <system-out/>
  <testcase classname="TestNGScripts.ExampleForpriarity" name="D" time="0.003"/>
  <system-out/>
  <testcase classname="TestNGScripts.ExampleForpriarity" name="C" time="0.002"/>
  <system-out/>
</testsuite> <!-- TestNGScripts.ExampleForpriarity -->
