<?xml version="1.0" encoding="UTF-8"?>
<!-- Generated by org.testng.reporters.JUnitReportReporter -->
<testsuite hostname="DESKTOP-DKM98KI" failures="0" tests="3" name="testNG_Scripts.NewTest" time="0.557" errors="0" timestamp="2022-07-14T21:01:47 IST" skipped="0">
  <testcase classname="testNG_Scripts.NewTest" name="TestCase_2" time="0.011"/>
  <system-out/>
  <testcase classname="testNG_Scripts.NewTest" name="TestCase_3" time="0.015"/>
  <system-out/>
  <testcase classname="testNG_Scripts.NewTest" name="TestCase_1" time="0.531"/>
  <system-out/>
</testsuite> <!-- testNG_Scripts.NewTest -->
