<?xml version="1.0" encoding="UTF-8"?>
<!-- Generated by org.testng.reporters.JUnitReportReporter -->
<testsuite hostname="DESKTOP-DKM98KI" failures="0" tests="3" name="TestNGScripts.Test1dataprovider" time="0.027" errors="0" timestamp="2022-05-12T11:55:24 IST" skipped="0">
  <testcase classname="TestNGScripts.Test1dataprovider" name="TC1" time="0.006"/>
  <system-out/>
  <testcase classname="TestNGScripts.Test1dataprovider" name="TC1" time="0.007"/>
  <system-out/>
  <testcase classname="TestNGScripts.Test1dataprovider" name="TC1" time="0.014"/>
  <system-out/>
</testsuite> <!-- TestNGScripts.Test1dataprovider -->
