<?xml version="1.0" encoding="UTF-8"?>
<!-- Generated by org.testng.reporters.JUnitReportReporter -->
<testsuite hostname="DESKTOP-DKM98KI" failures="0" tests="5" name="TestNGScripts.Test2" time="0.068" errors="0" timestamp="2022-07-14T21:29:33 IST" skipped="0">
  <testcase classname="TestNGScripts.Test2" name="TC1" time="0.013"/>
  <system-out/>
  <testcase classname="TestNGScripts.Test2" name="TC1" time="0.009"/>
  <system-out/>
  <testcase classname="TestNGScripts.Test2" name="TC1" time="0.004"/>
  <system-out/>
  <testcase classname="TestNGScripts.Test2" name="TC1" time="0.036"/>
  <system-out/>
  <testcase classname="TestNGScripts.Test2" name="TC1" time="0.006"/>
  <system-out/>
</testsuite> <!-- TestNGScripts.Test2 -->
